c:\users\amira\onedrive\desktop\ds project\alien-invasion\x64\debug\vc143.pdb
c:\users\amira\onedrive\desktop\ds project\alien-invasion\x64\debug\vc143.idb
c:\users\amira\onedrive\desktop\ds project\alien-invasion\x64\debug\main.obj
c:\users\amira\onedrive\desktop\ds project\alien-invasion\x64\debug\unit.obj
c:\users\amira\onedrive\desktop\ds project\alien-invasion\x64\debug\healunit.obj
c:\users\amira\onedrive\desktop\ds project\alien-invasion\x64\debug\earthtank.obj
c:\users\amira\onedrive\desktop\ds project\alien-invasion\x64\debug\earthsoldier.obj
c:\users\amira\onedrive\desktop\ds project\alien-invasion\x64\debug\earthgunnery.obj
c:\users\amira\onedrive\desktop\ds project\alien-invasion\x64\debug\aliensoldier.obj
c:\users\amira\onedrive\desktop\ds project\alien-invasion\x64\debug\alienmonster.obj
c:\users\amira\onedrive\desktop\ds project\alien-invasion\x64\debug\aliendrone.obj
c:\users\amira\onedrive\desktop\ds project\alien-invasion\x64\debug\randgen.obj
c:\users\amira\onedrive\desktop\ds project\alien-invasion\x64\debug\game.obj
c:\users\amira\onedrive\desktop\ds project\alien-invasion\x64\debug\eartharmy.obj
c:\users\amira\onedrive\desktop\ds project\alien-invasion\x64\debug\alienarmy.obj
c:\users\amira\onedrive\desktop\ds project\alien-invasion\x64\debug\alien-invasion.res
c:\users\amira\onedrive\desktop\ds project\alien-invasion\x64\debug\aliensolider.obj
c:\users\amira\onedrive\desktop\ds project\alien-invasion\x64\debug\earthsolider.obj
c:\users\amira\onedrive\desktop\ds project\alien-invasion\x64\debug\monster.obj
c:\users\amira\onedrive\desktop\ds project\x64\debug\alien-invasion.pdb
c:\users\amira\onedrive\desktop\ds project\alien-invasion\x64\debug\alien-invasion.tlog\cl.command.1.tlog
c:\users\amira\onedrive\desktop\ds project\alien-invasion\x64\debug\alien-invasion.tlog\cl.items.tlog
c:\users\amira\onedrive\desktop\ds project\alien-invasion\x64\debug\alien-invasion.tlog\cl.read.1.tlog
c:\users\amira\onedrive\desktop\ds project\alien-invasion\x64\debug\alien-invasion.tlog\cl.write.1.tlog
c:\users\amira\onedrive\desktop\ds project\alien-invasion\x64\debug\alien-invasion.tlog\link.command.1.tlog
c:\users\amira\onedrive\desktop\ds project\alien-invasion\x64\debug\alien-invasion.tlog\link.read.1.tlog
c:\users\amira\onedrive\desktop\ds project\alien-invasion\x64\debug\alien-invasion.tlog\link.write.1.tlog
c:\users\amira\onedrive\desktop\ds project\alien-invasion\x64\debug\alien-invasion.tlog\rc.command.1.tlog
c:\users\amira\onedrive\desktop\ds project\alien-invasion\x64\debug\alien-invasion.tlog\rc.read.1.tlog
c:\users\amira\onedrive\desktop\ds project\alien-invasion\x64\debug\alien-invasion.tlog\rc.write.1.tlog
